<?xml version="1.0" encoding="UTF-8"?>
<testng-results ignored="0" total="2" passed="2" failed="0" skipped="0">
  <reporter-output>
  </reporter-output>
  <suite started-at="2023-01-21T14:40:38 IST" name="Default suite" finished-at="2023-01-21T14:40:59 IST" duration-ms="20784">
    <groups>
    </groups>
    <test started-at="2023-01-21T14:40:38 IST" name="Default test" finished-at="2023-01-21T14:40:59 IST" duration-ms="20784">
      <class name="com.bankingroject.loginpage.LoginPageTest">
        <test-method is-config="true" signature="setUp()[pri:0, instance:com.bankingroject.loginpage.LoginPageTest@4efc180e]" started-at="2023-01-21T14:40:38 IST" name="setUp" finished-at="2023-01-21T14:40:48 IST" duration-ms="9772" status="PASS">
          <reporter-output>
          </reporter-output>
        </test-method> <!-- setUp -->
        <test-method signature="testTitle()[pri:0, instance:com.bankingroject.loginpage.LoginPageTest@4efc180e]" started-at="2023-01-21T14:40:48 IST" name="testTitle" finished-at="2023-01-21T14:40:48 IST" duration-ms="92" status="PASS">
          <reporter-output>
          </reporter-output>
        </test-method> <!-- testTitle -->
        <test-method is-config="true" signature="tearDown()[pri:0, instance:com.bankingroject.loginpage.LoginPageTest@4efc180e]" started-at="2023-01-21T14:40:48 IST" name="tearDown" finished-at="2023-01-21T14:40:48 IST" duration-ms="312" status="PASS">
          <reporter-output>
          </reporter-output>
        </test-method> <!-- tearDown -->
        <test-method is-config="true" signature="setUp()[pri:0, instance:com.bankingroject.loginpage.LoginPageTest@4efc180e]" started-at="2023-01-21T14:40:48 IST" name="setUp" finished-at="2023-01-21T14:40:58 IST" duration-ms="10269" status="PASS">
          <reporter-output>
          </reporter-output>
        </test-method> <!-- setUp -->
        <test-method signature="testUrl()[pri:0, instance:com.bankingroject.loginpage.LoginPageTest@4efc180e]" started-at="2023-01-21T14:40:58 IST" name="testUrl" finished-at="2023-01-21T14:40:58 IST" duration-ms="21" status="PASS">
          <reporter-output>
          </reporter-output>
        </test-method> <!-- testUrl -->
        <test-method is-config="true" signature="tearDown()[pri:0, instance:com.bankingroject.loginpage.LoginPageTest@4efc180e]" started-at="2023-01-21T14:40:58 IST" name="tearDown" finished-at="2023-01-21T14:40:59 IST" duration-ms="244" status="PASS">
          <reporter-output>
          </reporter-output>
        </test-method> <!-- tearDown -->
      </class> <!-- com.bankingroject.loginpage.LoginPageTest -->
    </test> <!-- Default test -->
  </suite> <!-- Default suite -->
</testng-results>
